0 info it worked if it ends with ok
1 verbose cli [ '/opt/local/bin/node',
1 verbose cli   '/opt/local/bin/npm',
1 verbose cli   'install',
1 verbose cli   '--save',
1 verbose cli   'module_name' ]
2 info using npm@1.3.15
3 info using node@v0.10.22
4 verbose readDependencies using package.json deps
5 verbose cache add [ 'module_name', null ]
6 verbose cache add name=undefined spec="module_name" args=["module_name",null]
7 verbose parsed url { protocol: null,
7 verbose parsed url   slashes: null,
7 verbose parsed url   auth: null,
7 verbose parsed url   host: null,
7 verbose parsed url   port: null,
7 verbose parsed url   hostname: null,
7 verbose parsed url   hash: null,
7 verbose parsed url   search: null,
7 verbose parsed url   query: null,
7 verbose parsed url   pathname: 'module_name',
7 verbose parsed url   path: 'module_name',
7 verbose parsed url   href: 'module_name' }
8 silly lockFile 620a549d-module-name module_name
9 verbose lock module_name /Users/code/.npm/620a549d-module-name.lock
10 silly lockFile 620a549d-module-name module_name
11 silly lockFile 620a549d-module-name module_name
12 verbose addNamed [ 'module_name', '' ]
13 verbose addNamed [ null, '*' ]
14 silly lockFile e7f86128-module-name module_name@
15 verbose lock module_name@ /Users/code/.npm/e7f86128-module-name.lock
16 silly addNameRange { name: 'module_name', range: '*', hasData: false }
17 silly lockFile e7f86128-module-name module_name@
18 silly lockFile e7f86128-module-name module_name@
19 error 404 'module_name' is not in the npm registry.
19 error 404 You should bug the author to publish it
19 error 404
19 error 404 Note that you can also install from a
19 error 404 tarball, folder, or http url, or git url.
20 error System Darwin 13.0.0
21 error command "/opt/local/bin/node" "/opt/local/bin/npm" "install" "--save" "module_name"
22 error cwd /Users/code/Projects/SZone/xzone
23 error node -v v0.10.22
24 error npm -v 1.3.15
25 error code E404
26 verbose exit [ 1, true ]
